2014-08-14 00:00:03 INFO  FunctionLibrary:237 - Loading Page
2014-08-14 00:00:14 INFO  FunctionLibrary:148 - Entering Data into domain_search
2014-08-14 00:00:15 INFO  FunctionLibrary:73 - Clicking on Button goButton
2014-08-14 00:00:16 INFO  FunctionLibrary:237 - Loading Page
2014-08-14 00:00:27 INFO  FunctionLibrary:229 - Verifying Text
2014-08-14 00:00:48 INFO  FunctionLibrary:253 - 
java.lang.NullPointerException
	at com.projectname.base.FunctionLibrary.verifyText(FunctionLibrary.java:235)
	at com.projectname.base.Keywords.controlScript(Keywords.java:230)
	at com.projectname.scripts.DriverScriptTest.controlscript(DriverScriptTest.java:191)
	at com.projectname.scripts.DriverScriptTest.driverScript(DriverScriptTest.java:111)
	at sun.reflect.NativeMethodAccessorImpl.invoke0(Native Method)
	at sun.reflect.NativeMethodAccessorImpl.invoke(NativeMethodAccessorImpl.java:57)
	at sun.reflect.DelegatingMethodAccessorImpl.invoke(DelegatingMethodAccessorImpl.java:43)
	at java.lang.reflect.Method.invoke(Method.java:606)
	at org.testng.internal.MethodInvocationHelper.invokeMethod(MethodInvocationHelper.java:80)
	at org.testng.internal.Invoker.invokeMethod(Invoker.java:673)
	at org.testng.internal.Invoker.invokeTestMethod(Invoker.java:842)
	at org.testng.internal.Invoker.invokeTestMethods(Invoker.java:1166)
	at org.testng.internal.TestMethodWorker.invokeTestMethods(TestMethodWorker.java:125)
	at org.testng.internal.TestMethodWorker.run(TestMethodWorker.java:109)
	at org.testng.TestRunner.runWorkers(TestRunner.java:1178)
	at org.testng.TestRunner.privateRun(TestRunner.java:757)
	at org.testng.TestRunner.run(TestRunner.java:608)
	at org.testng.SuiteRunner.runTest(SuiteRunner.java:334)
	at org.testng.SuiteRunner.runSequentially(SuiteRunner.java:329)
	at org.testng.SuiteRunner.privateRun(SuiteRunner.java:291)
	at org.testng.SuiteRunner.run(SuiteRunner.java:240)
	at org.testng.SuiteRunnerWorker.runSuite(SuiteRunnerWorker.java:52)
	at org.testng.SuiteRunnerWorker.run(SuiteRunnerWorker.java:86)
	at org.testng.TestNG.runSuitesSequentially(TestNG.java:1158)
	at org.testng.TestNG.runSuitesLocally(TestNG.java:1083)
	at org.testng.TestNG.run(TestNG.java:999)
	at org.apache.maven.surefire.testng.TestNGExecutor.run(TestNGExecutor.java:77)
	at org.apache.maven.surefire.testng.TestNGDirectoryTestSuite.executeMulti(TestNGDirectoryTestSuite.java:159)
	at org.apache.maven.surefire.testng.TestNGDirectoryTestSuite.execute(TestNGDirectoryTestSuite.java:99)
	at org.apache.maven.surefire.testng.TestNGProvider.invoke(TestNGProvider.java:106)
	at sun.reflect.NativeMethodAccessorImpl.invoke0(Native Method)
	at sun.reflect.NativeMethodAccessorImpl.invoke(NativeMethodAccessorImpl.java:57)
	at sun.reflect.DelegatingMethodAccessorImpl.invoke(DelegatingMethodAccessorImpl.java:43)
	at java.lang.reflect.Method.invoke(Method.java:606)
	at org.apache.maven.surefire.util.ReflectionUtils.invokeMethodWithArray(ReflectionUtils.java:189)
	at org.apache.maven.surefire.booter.ProviderFactory$ProviderProxy.invoke(ProviderFactory.java:165)
	at org.apache.maven.surefire.booter.ProviderFactory.invokeProvider(ProviderFactory.java:85)
	at org.apache.maven.surefire.booter.ForkedBooter.runSuitesInProcess(ForkedBooter.java:115)
	at org.apache.maven.surefire.booter.ForkedBooter.main(ForkedBooter.java:75)
2014-08-14 00:00:49 INFO  FunctionLibrary:195 - Test Scenario Result --Fail
2014-08-14 00:00:49 INFO  FunctionLibrary:169 - Selecting Test Scenario From Controller File
2014-08-14 00:00:49 INFO  FunctionLibrary:173 - Navigate To Test Scenario Sheet
2014-08-14 00:00:49 INFO  FunctionLibrary:179 - Loading Test Data Work Book
2014-08-14 00:00:49 INFO  FunctionLibrary:190 - Passing Parameters Driver Script to ContolScript
2014-08-14 00:00:49 INFO  FunctionLibrary:182 - Navigating to ---https://qawhois.team-center.net/
2014-08-14 00:00:53 INFO  FunctionLibrary:237 - Loading Page
2014-08-14 00:01:04 INFO  FunctionLibrary:148 - Entering Data into domain_search
2014-08-14 00:01:05 INFO  FunctionLibrary:73 - Clicking on Button goButton
2014-08-14 00:01:06 INFO  FunctionLibrary:237 - Loading Page
2014-08-14 00:01:17 INFO  FunctionLibrary:237 - Loading Page
2014-08-14 00:01:27 INFO  FunctionLibrary:229 - Verifying Text
2014-08-14 00:01:48 INFO  FunctionLibrary:253 - 
java.lang.NullPointerException
	at com.projectname.base.FunctionLibrary.verifyText(FunctionLibrary.java:235)
	at com.projectname.base.Keywords.controlScript(Keywords.java:230)
	at com.projectname.scripts.DriverScriptTest.controlscript(DriverScriptTest.java:191)
	at com.projectname.scripts.DriverScriptTest.driverScript(DriverScriptTest.java:111)
	at sun.reflect.NativeMethodAccessorImpl.invoke0(Native Method)
	at sun.reflect.NativeMethodAccessorImpl.invoke(NativeMethodAccessorImpl.java:57)
	at sun.reflect.DelegatingMethodAccessorImpl.invoke(DelegatingMethodAccessorImpl.java:43)
	at java.lang.reflect.Method.invoke(Method.java:606)
	at org.testng.internal.MethodInvocationHelper.invokeMethod(MethodInvocationHelper.java:80)
	at org.testng.internal.Invoker.invokeMethod(Invoker.java:673)
	at org.testng.internal.Invoker.invokeTestMethod(Invoker.java:842)
	at org.testng.internal.Invoker.invokeTestMethods(Invoker.java:1166)
	at org.testng.internal.TestMethodWorker.invokeTestMethods(TestMethodWorker.java:125)
	at org.testng.internal.TestMethodWorker.run(TestMethodWorker.java:109)
	at org.testng.TestRunner.runWorkers(TestRunner.java:1178)
	at org.testng.TestRunner.privateRun(TestRunner.java:757)
	at org.testng.TestRunner.run(TestRunner.java:608)
	at org.testng.SuiteRunner.runTest(SuiteRunner.java:334)
	at org.testng.SuiteRunner.runSequentially(SuiteRunner.java:329)
	at org.testng.SuiteRunner.privateRun(SuiteRunner.java:291)
	at org.testng.SuiteRunner.run(SuiteRunner.java:240)
	at org.testng.SuiteRunnerWorker.runSuite(SuiteRunnerWorker.java:52)
	at org.testng.SuiteRunnerWorker.run(SuiteRunnerWorker.java:86)
	at org.testng.TestNG.runSuitesSequentially(TestNG.java:1158)
	at org.testng.TestNG.runSuitesLocally(TestNG.java:1083)
	at org.testng.TestNG.run(TestNG.java:999)
	at org.apache.maven.surefire.testng.TestNGExecutor.run(TestNGExecutor.java:77)
	at org.apache.maven.surefire.testng.TestNGDirectoryTestSuite.executeMulti(TestNGDirectoryTestSuite.java:159)
	at org.apache.maven.surefire.testng.TestNGDirectoryTestSuite.execute(TestNGDirectoryTestSuite.java:99)
	at org.apache.maven.surefire.testng.TestNGProvider.invoke(TestNGProvider.java:106)
	at sun.reflect.NativeMethodAccessorImpl.invoke0(Native Method)
	at sun.reflect.NativeMethodAccessorImpl.invoke(NativeMethodAccessorImpl.java:57)
	at sun.reflect.DelegatingMethodAccessorImpl.invoke(DelegatingMethodAccessorImpl.java:43)
	at java.lang.reflect.Method.invoke(Method.java:606)
	at org.apache.maven.surefire.util.ReflectionUtils.invokeMethodWithArray(ReflectionUtils.java:189)
	at org.apache.maven.surefire.booter.ProviderFactory$ProviderProxy.invoke(ProviderFactory.java:165)
	at org.apache.maven.surefire.booter.ProviderFactory.invokeProvider(ProviderFactory.java:85)
	at org.apache.maven.surefire.booter.ForkedBooter.runSuitesInProcess(ForkedBooter.java:115)
	at org.apache.maven.surefire.booter.ForkedBooter.main(ForkedBooter.java:75)
2014-08-14 00:01:49 INFO  FunctionLibrary:195 - Test Scenario Result --Fail
2014-08-14 00:01:49 INFO  FunctionLibrary:169 - Selecting Test Scenario From Controller File
2014-08-14 00:01:49 INFO  FunctionLibrary:173 - Navigate To Test Scenario Sheet
2014-08-14 00:01:50 INFO  FunctionLibrary:179 - Loading Test Data Work Book
2014-08-14 00:01:50 INFO  FunctionLibrary:190 - Passing Parameters Driver Script to ContolScript
2014-08-14 00:01:50 INFO  FunctionLibrary:182 - Navigating to ---https://qawhois.team-center.net/
2014-08-14 00:01:54 INFO  FunctionLibrary:237 - Loading Page
2014-08-14 00:02:04 INFO  FunctionLibrary:148 - Entering Data into domain_search
2014-08-14 00:02:05 INFO  FunctionLibrary:73 - Clicking on Button goButton
2014-08-14 00:02:06 INFO  FunctionLibrary:237 - Loading Page
2014-08-14 00:02:17 INFO  FunctionLibrary:237 - Loading Page
2014-08-14 00:02:28 INFO  FunctionLibrary:229 - Verifying Text
2014-08-14 00:02:49 INFO  FunctionLibrary:253 - 
java.lang.NullPointerException
	at com.projectname.base.FunctionLibrary.verifyText(FunctionLibrary.java:235)
	at com.projectname.base.Keywords.controlScript(Keywords.java:230)
	at com.projectname.scripts.DriverScriptTest.controlscript(DriverScriptTest.java:191)
	at com.projectname.scripts.DriverScriptTest.driverScript(DriverScriptTest.java:111)
	at sun.reflect.NativeMethodAccessorImpl.invoke0(Native Method)
	at sun.reflect.NativeMethodAccessorImpl.invoke(NativeMethodAccessorImpl.java:57)
	at sun.reflect.DelegatingMethodAccessorImpl.invoke(DelegatingMethodAccessorImpl.java:43)
	at java.lang.reflect.Method.invoke(Method.java:606)
	at org.testng.internal.MethodInvocationHelper.invokeMethod(MethodInvocationHelper.java:80)
	at org.testng.internal.Invoker.invokeMethod(Invoker.java:673)
	at org.testng.internal.Invoker.invokeTestMethod(Invoker.java:842)
	at org.testng.internal.Invoker.invokeTestMethods(Invoker.java:1166)
	at org.testng.internal.TestMethodWorker.invokeTestMethods(TestMethodWorker.java:125)
	at org.testng.internal.TestMethodWorker.run(TestMethodWorker.java:109)
	at org.testng.TestRunner.runWorkers(TestRunner.java:1178)
	at org.testng.TestRunner.privateRun(TestRunner.java:757)
	at org.testng.TestRunner.run(TestRunner.java:608)
	at org.testng.SuiteRunner.runTest(SuiteRunner.java:334)
	at org.testng.SuiteRunner.runSequentially(SuiteRunner.java:329)
	at org.testng.SuiteRunner.privateRun(SuiteRunner.java:291)
	at org.testng.SuiteRunner.run(SuiteRunner.java:240)
	at org.testng.SuiteRunnerWorker.runSuite(SuiteRunnerWorker.java:52)
	at org.testng.SuiteRunnerWorker.run(SuiteRunnerWorker.java:86)
	at org.testng.TestNG.runSuitesSequentially(TestNG.java:1158)
	at org.testng.TestNG.runSuitesLocally(TestNG.java:1083)
	at org.testng.TestNG.run(TestNG.java:999)
	at org.apache.maven.surefire.testng.TestNGExecutor.run(TestNGExecutor.java:77)
	at org.apache.maven.surefire.testng.TestNGDirectoryTestSuite.executeMulti(TestNGDirectoryTestSuite.java:159)
	at org.apache.maven.surefire.testng.TestNGDirectoryTestSuite.execute(TestNGDirectoryTestSuite.java:99)
	at org.apache.maven.surefire.testng.TestNGProvider.invoke(TestNGProvider.java:106)
	at sun.reflect.NativeMethodAccessorImpl.invoke0(Native Method)
	at sun.reflect.NativeMethodAccessorImpl.invoke(NativeMethodAccessorImpl.java:57)
	at sun.reflect.DelegatingMethodAccessorImpl.invoke(DelegatingMethodAccessorImpl.java:43)
	at java.lang.reflect.Method.invoke(Method.java:606)
	at org.apache.maven.surefire.util.ReflectionUtils.invokeMethodWithArray(ReflectionUtils.java:189)
	at org.apache.maven.surefire.booter.ProviderFactory$ProviderProxy.invoke(ProviderFactory.java:165)
	at org.apache.maven.surefire.booter.ProviderFactory.invokeProvider(ProviderFactory.java:85)
	at org.apache.maven.surefire.booter.ForkedBooter.runSuitesInProcess(ForkedBooter.java:115)
	at org.apache.maven.surefire.booter.ForkedBooter.main(ForkedBooter.java:75)
2014-08-14 00:02:49 INFO  FunctionLibrary:195 - Test Scenario Result --Fail
