2014-05-15 11:21:57 INFO  FunctionLibrary:25 - Initialized All Resources Files
2014-05-15 11:21:57 INFO  FunctionLibrary:27 - Creatng Driver Script Object
2014-05-15 11:21:57 INFO  FunctionLibrary:29 - Creating Test Suite
2014-05-15 11:21:57 INFO  FunctionLibrary:31 - Creating Test Suite For Email Report
2014-05-15 11:21:57 INFO  FunctionLibrary:36 - Creating Suite In Detailed Test Report
2014-05-15 11:21:57 INFO  FunctionLibrary:38 - Creating Suite In Mailing Report
2014-05-15 11:21:57 INFO  FunctionLibrary:43 - Creating Excel Sheet For Test Results
2014-05-15 11:21:58 INFO  FunctionLibrary:47 - Total No.of Test Cases  6.0
2014-05-15 11:21:58 INFO  FunctionLibrary:48 - Launching Browser
2014-05-15 11:21:58 INFO  FunctionLibrary:198 - Launching Google Chrome.......
2014-05-15 11:22:07 INFO  FunctionLibrary:50 - Loading Controller Work Book
2014-05-15 11:22:07 INFO  FunctionLibrary:52 - Selecting Test Scenario From Controller File
2014-05-15 11:22:07 INFO  FunctionLibrary:56 - Navigate To Test Scenario Sheet
2014-05-15 11:22:07 INFO  FunctionLibrary:62 - Loading Test Data Work Book
2014-05-15 11:22:07 INFO  FunctionLibrary:71 - Passing Parameters Driver Script to ContolScript
2014-05-15 11:22:07 INFO  FunctionLibrary:69 - Entering Data into email
2014-05-15 11:22:08 INFO  FunctionLibrary:69 - Entering Data into pass
2014-05-15 11:22:08 INFO  FunctionLibrary:65 - Clicking on Button //input[@value='Log In']
2014-05-15 11:22:42 INFO  FunctionLibrary:187 - 
org.openqa.selenium.NoSuchElementException: no such element
  (Session info: chrome=34.0.1847.131)
  (Driver info: chromedriver=2.8.241075,platform=Windows NT 6.1 SP1 x86_64) (WARNING: The server did not provide any stacktrace information)
Command duration or timeout: 12.39 seconds
For documentation on this error, please visit: http://seleniumhq.org/exceptions/no_such_element.html
Build info: version: '2.38.0', revision: 'bd32d4e7247a32d801b3d2d4f84a4e7384300378', time: '2013-12-05 09:01:37'
System info: host: 'Santhosh-E4310', ip: '172.16.0.118', os.name: 'Windows 7', os.arch: 'amd64', os.version: '6.1', java.version: '1.7.0_45'
Session ID: a4c1ce3137d715251169094894748330
Driver info: org.openqa.selenium.chrome.ChromeDriver
Capabilities [{platform=XP, acceptSslCerts=true, javascriptEnabled=true, browserName=chrome, chrome={userDataDir=C:\Users\ADMINI~1\AppData\Local\Temp\scoped_dir6244_5610}, rotatable=false, locationContextEnabled=true, version=34.0.1847.131, takesHeapSnapshot=true, cssSelectorsEnabled=true, databaseEnabled=false, handlesAlerts=true, browserConnectionEnabled=false, nativeEvents=true, webStorageEnabled=true, applicationCacheEnabled=false, takesScreenshot=true}]
	at sun.reflect.NativeConstructorAccessorImpl.newInstance0(Native Method)
	at sun.reflect.NativeConstructorAccessorImpl.newInstance(Unknown Source)
	at sun.reflect.DelegatingConstructorAccessorImpl.newInstance(Unknown Source)
	at java.lang.reflect.Constructor.newInstance(Unknown Source)
	at org.openqa.selenium.remote.ErrorHandler.createThrowable(ErrorHandler.java:193)
	at org.openqa.selenium.remote.ErrorHandler.throwIfResponseFailed(ErrorHandler.java:145)
	at org.openqa.selenium.remote.RemoteWebDriver.execute(RemoteWebDriver.java:554)
	at org.openqa.selenium.remote.RemoteWebDriver.findElement(RemoteWebDriver.java:307)
	at org.openqa.selenium.remote.RemoteWebDriver.findElementByXPath(RemoteWebDriver.java:404)
	at org.openqa.selenium.By$ByXPath.findElement(By.java:363)
	at org.openqa.selenium.remote.RemoteWebDriver.findElement(RemoteWebDriver.java:299)
	at com.projectname.base.Keywords.welement(Keywords.java:337)
	at com.projectname.base.Keywords.actionElement(Keywords.java:227)
	at com.projectname.base.Keywords.controlScript(Keywords.java:66)
	at com.projectname.scripts.DriverScriptTest.driverScript(DriverScriptTest.java:72)
	at sun.reflect.NativeMethodAccessorImpl.invoke0(Native Method)
	at sun.reflect.NativeMethodAccessorImpl.invoke(Unknown Source)
	at sun.reflect.DelegatingMethodAccessorImpl.invoke(Unknown Source)
	at java.lang.reflect.Method.invoke(Unknown Source)
	at org.testng.internal.MethodInvocationHelper.invokeMethod(MethodInvocationHelper.java:84)
	at org.testng.internal.Invoker.invokeMethod(Invoker.java:714)
	at org.testng.internal.Invoker.invokeTestMethod(Invoker.java:901)
	at org.testng.internal.Invoker.invokeTestMethods(Invoker.java:1231)
	at org.testng.internal.TestMethodWorker.invokeTestMethods(TestMethodWorker.java:127)
	at org.testng.internal.TestMethodWorker.run(TestMethodWorker.java:111)
	at org.testng.TestRunner.privateRun(TestRunner.java:767)
	at org.testng.TestRunner.run(TestRunner.java:617)
	at org.testng.SuiteRunner.runTest(SuiteRunner.java:334)
	at org.testng.SuiteRunner.runSequentially(SuiteRunner.java:329)
	at org.testng.SuiteRunner.privateRun(SuiteRunner.java:291)
	at org.testng.SuiteRunner.run(SuiteRunner.java:240)
	at org.testng.SuiteRunnerWorker.runSuite(SuiteRunnerWorker.java:52)
	at org.testng.SuiteRunnerWorker.run(SuiteRunnerWorker.java:86)
	at org.testng.TestNG.runSuitesSequentially(TestNG.java:1224)
	at org.testng.TestNG.runSuitesLocally(TestNG.java:1149)
	at org.testng.TestNG.run(TestNG.java:1057)
	at org.testng.remote.RemoteTestNG.run(RemoteTestNG.java:111)
	at org.testng.remote.RemoteTestNG.initAndRun(RemoteTestNG.java:204)
	at org.testng.remote.RemoteTestNG.main(RemoteTestNG.java:175)
